   1               		.file	"conf.c"
   2               	__SREG__ = 0x3f
   3               	__SP_H__ = 0x3e
   4               	__SP_L__ = 0x3d
   5               	__CCP__ = 0x34
   6               	__tmp_reg__ = 0
   7               	__zero_reg__ = 1
  15               	.Ltext0:
  16               		.section	.text.conf_read,"ax",@progbits
  17               	.global	conf_read
  19               	conf_read:
  20               	.LFB0:
  21               	.LSM0:
  22               	/* prologue: function */
  23               	/* frame size = 0 */
  24               	/* stack size = 0 */
  25               	.L__stack_usage = 0
  26               	.LSM1:
  27 0000 8091 0000 		lds r24,n
  28 0004 9091 0000 		lds r25,n+1
  29 0008 0E94 0000 		call __eerd_dword_m32u4
  30 000c 6093 0000 		sts conf,r22
  31               	.LSM2:
  32 0010 8091 0000 		lds r24,m
  33 0014 9091 0000 		lds r25,m+1
  34 0018 0E94 0000 		call __eerd_dword_m32u4
  35 001c 6093 0000 		sts conf+1,r22
  36               	.LSM3:
  37 0020 8091 0000 		lds r24,time_min
  38 0024 9091 0000 		lds r25,time_min+1
  39 0028 0E94 0000 		call __eerd_dword_m32u4
  40 002c 6093 0000 		sts conf+2,r22
  41               	.LSM4:
  42 0030 8091 0000 		lds r24,time_max
  43 0034 9091 0000 		lds r25,time_max+1
  44 0038 0E94 0000 		call __eerd_dword_m32u4
  45 003c 6093 0000 		sts conf+3,r22
  46               	/* epilogue start */
  47               	.LSM5:
  48 0040 0895      		ret
  49               	.LFE0:
  51               		.section	.text.conf_write,"ax",@progbits
  52               	.global	conf_write
  54               	conf_write:
  55               	.LFB1:
  56               	.LSM6:
  57               	/* prologue: function */
  58               	/* frame size = 0 */
  59               	/* stack size = 0 */
  60               	.L__stack_usage = 0
  61               	.LSM7:
  62 0000 4091 0000 		lds r20,conf
  63 0004 50E0      		ldi r21,lo8(0)
  64 0006 60E0      		ldi r22,lo8(0)
  65 0008 70E0      		ldi r23,hi8(0)
  66 000a 8091 0000 		lds r24,n
  67 000e 9091 0000 		lds r25,n+1
  68 0012 0E94 0000 		call __eeupd_dword_m32u4
  69               	.LSM8:
  70 0016 4091 0000 		lds r20,conf+1
  71 001a 50E0      		ldi r21,lo8(0)
  72 001c 60E0      		ldi r22,lo8(0)
  73 001e 70E0      		ldi r23,hi8(0)
  74 0020 8091 0000 		lds r24,m
  75 0024 9091 0000 		lds r25,m+1
  76 0028 0E94 0000 		call __eeupd_dword_m32u4
  77               	.LSM9:
  78 002c 4091 0000 		lds r20,conf+2
  79 0030 50E0      		ldi r21,lo8(0)
  80 0032 60E0      		ldi r22,lo8(0)
  81 0034 70E0      		ldi r23,hi8(0)
  82 0036 8091 0000 		lds r24,time_min
  83 003a 9091 0000 		lds r25,time_min+1
  84 003e 0E94 0000 		call __eeupd_dword_m32u4
  85               	.LSM10:
  86 0042 4091 0000 		lds r20,conf+3
  87 0046 50E0      		ldi r21,lo8(0)
  88 0048 60E0      		ldi r22,lo8(0)
  89 004a 70E0      		ldi r23,hi8(0)
  90 004c 8091 0000 		lds r24,time_max
  91 0050 9091 0000 		lds r25,time_max+1
  92 0054 0E94 0000 		call __eeupd_dword_m32u4
  93               	/* epilogue start */
  94               	.LSM11:
  95 0058 0895      		ret
  96               	.LFE1:
  98               	.global	n
  99               		.section	.eeprom,"aw",@progbits
 102               	n:
 103 0000 01        		.byte	1
 104 0001 00        		.byte	0
 105 0002 00        		.byte	0
 106 0003 00        		.byte	0
 107               	.global	m
 110               	m:
 111 0004 01        		.byte	1
 112 0005 00        		.byte	0
 113 0006 00        		.byte	0
 114 0007 00        		.byte	0
 115               	.global	time_min
 118               	time_min:
 119 0008 01        		.byte	1
 120 0009 00        		.byte	0
 121 000a 00        		.byte	0
 122 000b 00        		.byte	0
 123               	.global	time_max
 126               	time_max:
 127 000c 02        		.byte	2
 128 000d 00        		.byte	0
 129 000e 00        		.byte	0
 130 000f 00        		.byte	0
 131               		.comm conf,4,1
 164               	.Letext0:
DEFINED SYMBOLS
                            *ABS*:0000000000000000 conf.c
     /tmp/ccgBPqJc.s:2      *ABS*:000000000000003f __SREG__
     /tmp/ccgBPqJc.s:3      *ABS*:000000000000003e __SP_H__
     /tmp/ccgBPqJc.s:4      *ABS*:000000000000003d __SP_L__
     /tmp/ccgBPqJc.s:5      *ABS*:0000000000000034 __CCP__
     /tmp/ccgBPqJc.s:6      *ABS*:0000000000000000 __tmp_reg__
     /tmp/ccgBPqJc.s:7      *ABS*:0000000000000001 __zero_reg__
     /tmp/ccgBPqJc.s:19     .text.conf_read:0000000000000000 conf_read
     /tmp/ccgBPqJc.s:102    .eeprom:0000000000000000 n
                            *COM*:0000000000000004 conf
     /tmp/ccgBPqJc.s:110    .eeprom:0000000000000004 m
     /tmp/ccgBPqJc.s:118    .eeprom:0000000000000008 time_min
     /tmp/ccgBPqJc.s:126    .eeprom:000000000000000c time_max
     /tmp/ccgBPqJc.s:54     .text.conf_write:0000000000000000 conf_write

UNDEFINED SYMBOLS
__eerd_dword_m32u4
__eeupd_dword_m32u4
__do_clear_bss
